<?xml version="1.0" encoding="UTF-8"?>
<!-- Generated by org.testng.reporters.JUnitReportReporter -->
<testsuite hostname="MacBook-Pro-cua-admin.local" failures="0" tests="1" name="testCases" time="0.005" errors="0" timestamp="2024-07-15T16:45:26 ICT" skipped="0">
  <testcase classname="testCases" name="test1" time="0.005"/>
</testsuite> <!-- testCases -->
